<?xml version="1.0" encoding="UTF-8"?>
<robot generator="Robot 6.0.2 (Python 3.11.3 on darwin)" generated="20230513 16:49:41.078" rpa="false" schemaversion="3">
<suite id="s1" name="Workshop1" source="/Users/inew/Documents/Automate/Workshop1.robot">
<test id="s1-t1" name="TC000-Show Defult Page" line="62">
<kw name="Open Web Browser">
<kw name="Set Selenium Speed" library="SeleniumLibrary">
<arg>0.5s</arg>
<doc>Sets the delay that is waited after each Selenium command.</doc>
<status status="PASS" starttime="20230513 16:49:41.534" endtime="20230513 16:49:41.534"/>
</kw>
<kw name="Open Browser" library="SeleniumLibrary">
<arg>${url}</arg>
<arg>${browser}</arg>
<doc>Opens a new browser instance to the optional ``url``.</doc>
<msg timestamp="20230513 16:49:41.535" level="INFO">Opening browser 'gc' to base url 'https://automate-test.stpb-digital.com/login/'.</msg>
<status status="PASS" starttime="20230513 16:49:41.534" endtime="20230513 16:49:51.334"/>
</kw>
<kw name="Maximize Browser Window" library="SeleniumLibrary">
<doc>Maximizes current browser window.</doc>
<status status="PASS" starttime="20230513 16:49:51.335" endtime="20230513 16:49:52.330"/>
</kw>
<status status="PASS" starttime="20230513 16:49:41.534" endtime="20230513 16:49:52.331"/>
</kw>
<kw name="Wait Until Page Contains" library="SeleniumLibrary">
<arg>Kru P' Beam</arg>
<arg>5s</arg>
<doc>Waits until ``text`` appears on the current page.</doc>
<status status="PASS" starttime="20230513 16:49:52.332" endtime="20230513 16:49:52.856"/>
</kw>
<kw name="Close Browser" library="SeleniumLibrary">
<doc>Closes the current browser.</doc>
<status status="PASS" starttime="20230513 16:49:52.856" endtime="20230513 16:49:53.495"/>
</kw>
<status status="PASS" starttime="20230513 16:49:41.533" endtime="20230513 16:49:53.495"/>
</test>
<test id="s1-t2" name="TC001-Input email pass" line="67">
<kw name="Open Web Browser">
<kw name="Set Selenium Speed" library="SeleniumLibrary">
<arg>0.5s</arg>
<doc>Sets the delay that is waited after each Selenium command.</doc>
<status status="PASS" starttime="20230513 16:49:53.497" endtime="20230513 16:49:53.497"/>
</kw>
<kw name="Open Browser" library="SeleniumLibrary">
<arg>${url}</arg>
<arg>${browser}</arg>
<doc>Opens a new browser instance to the optional ``url``.</doc>
<msg timestamp="20230513 16:49:53.498" level="INFO">Opening browser 'gc' to base url 'https://automate-test.stpb-digital.com/login/'.</msg>
<status status="PASS" starttime="20230513 16:49:53.497" endtime="20230513 16:49:56.815"/>
</kw>
<kw name="Maximize Browser Window" library="SeleniumLibrary">
<doc>Maximizes current browser window.</doc>
<status status="PASS" starttime="20230513 16:49:56.816" endtime="20230513 16:49:57.764"/>
</kw>
<status status="PASS" starttime="20230513 16:49:53.497" endtime="20230513 16:49:57.765"/>
</kw>
<kw name="Input data for login email pass">
<kw name="Wait Until Element Is Visible" library="SeleniumLibrary">
<arg>${locator_email}</arg>
<arg>5s</arg>
<doc>Waits until the element ``locator`` is visible.</doc>
<status status="PASS" starttime="20230513 16:49:57.766" endtime="20230513 16:49:58.806"/>
</kw>
<kw name="Input Text" library="SeleniumLibrary">
<arg>${locator_email}</arg>
<arg>Beam1234@gmail.com</arg>
<doc>Types the given ``text`` into the text field identified by ``locator``.</doc>
<msg timestamp="20230513 16:49:58.808" level="INFO">Typing text 'Beam1234@gmail.com' into text field 'id=email'.</msg>
<status status="PASS" starttime="20230513 16:49:58.806" endtime="20230513 16:50:00.604"/>
</kw>
<kw name="Input Text" library="SeleniumLibrary">
<arg>${locator_password}</arg>
<arg>${EMPTY}</arg>
<doc>Types the given ``text`` into the text field identified by ``locator``.</doc>
<msg timestamp="20230513 16:50:00.606" level="INFO">Typing text '' into text field 'name=password'.</msg>
<status status="PASS" starttime="20230513 16:50:00.604" endtime="20230513 16:50:02.202"/>
</kw>
<status status="PASS" starttime="20230513 16:49:57.765" endtime="20230513 16:50:02.203"/>
</kw>
<kw name="Wait Until Element Is Not Visible" library="SeleniumLibrary">
<arg>${locator_errmsg_email}</arg>
<arg>5s</arg>
<doc>Waits until the element ``locator`` is not visible.</doc>
<status status="PASS" starttime="20230513 16:50:02.203" endtime="20230513 16:50:02.730"/>
</kw>
<kw name="Close Browser" library="SeleniumLibrary">
<doc>Closes the current browser.</doc>
<status status="PASS" starttime="20230513 16:50:02.730" endtime="20230513 16:50:03.348"/>
</kw>
<status status="PASS" starttime="20230513 16:49:53.496" endtime="20230513 16:50:03.349"/>
</test>
<test id="s1-t3" name="TC002-Input email fail" line="73">
<kw name="Open Web Browser">
<kw name="Set Selenium Speed" library="SeleniumLibrary">
<arg>0.5s</arg>
<doc>Sets the delay that is waited after each Selenium command.</doc>
<status status="PASS" starttime="20230513 16:50:03.350" endtime="20230513 16:50:03.350"/>
</kw>
<kw name="Open Browser" library="SeleniumLibrary">
<arg>${url}</arg>
<arg>${browser}</arg>
<doc>Opens a new browser instance to the optional ``url``.</doc>
<msg timestamp="20230513 16:50:03.350" level="INFO">Opening browser 'gc' to base url 'https://automate-test.stpb-digital.com/login/'.</msg>
<status status="PASS" starttime="20230513 16:50:03.350" endtime="20230513 16:50:06.556"/>
</kw>
<kw name="Maximize Browser Window" library="SeleniumLibrary">
<doc>Maximizes current browser window.</doc>
<status status="PASS" starttime="20230513 16:50:06.556" endtime="20230513 16:50:07.481"/>
</kw>
<status status="PASS" starttime="20230513 16:50:03.349" endtime="20230513 16:50:07.482"/>
</kw>
<kw name="Input data for login email fail">
<kw name="Wait Until Element Is Visible" library="SeleniumLibrary">
<arg>${locator_email}</arg>
<arg>5s</arg>
<doc>Waits until the element ``locator`` is visible.</doc>
<status status="PASS" starttime="20230513 16:50:07.483" endtime="20230513 16:50:08.521"/>
</kw>
<kw name="Input Text" library="SeleniumLibrary">
<arg>${locator_email}</arg>
<arg>Beam1234gmail.com</arg>
<doc>Types the given ``text`` into the text field identified by ``locator``.</doc>
<msg timestamp="20230513 16:50:08.522" level="INFO">Typing text 'Beam1234gmail.com' into text field 'id=email'.</msg>
<status status="PASS" starttime="20230513 16:50:08.521" endtime="20230513 16:50:10.639"/>
</kw>
<kw name="Click Element" library="SeleniumLibrary">
<arg>${locator_btnlogin}</arg>
<doc>Click the element identified by ``locator``.</doc>
<msg timestamp="20230513 16:50:10.640" level="INFO">Clicking element 'id=btn-login'.</msg>
<status status="PASS" starttime="20230513 16:50:10.640" endtime="20230513 16:50:11.748"/>
</kw>
<status status="PASS" starttime="20230513 16:50:07.483" endtime="20230513 16:50:11.748"/>
</kw>
<kw name="Get Text" library="SeleniumLibrary">
<var>${err_msg}</var>
<arg>${locator_errmsg_email}</arg>
<doc>Returns the text value of the element identified by ``locator``.</doc>
<msg timestamp="20230513 16:50:12.804" level="INFO">${err_msg} = email must be a valid email</msg>
<status status="PASS" starttime="20230513 16:50:11.748" endtime="20230513 16:50:12.804"/>
</kw>
<kw name="Should Be Equal As Strings" library="BuiltIn">
<arg>${err_msg}</arg>
<arg>email must be a valid email</arg>
<doc>Fails if objects are unequal after converting them to strings.</doc>
<status status="PASS" starttime="20230513 16:50:12.805" endtime="20230513 16:50:12.805"/>
</kw>
<kw name="Close Browser" library="SeleniumLibrary">
<doc>Closes the current browser.</doc>
<status status="PASS" starttime="20230513 16:50:12.805" endtime="20230513 16:50:13.374"/>
</kw>
<status status="PASS" starttime="20230513 16:50:03.349" endtime="20230513 16:50:13.375"/>
</test>
<test id="s1-t4" name="TC003-Input password more than 5 digits" line="80">
<kw name="Open Web Browser">
<kw name="Set Selenium Speed" library="SeleniumLibrary">
<arg>0.5s</arg>
<doc>Sets the delay that is waited after each Selenium command.</doc>
<status status="PASS" starttime="20230513 16:50:13.377" endtime="20230513 16:50:13.377"/>
</kw>
<kw name="Open Browser" library="SeleniumLibrary">
<arg>${url}</arg>
<arg>${browser}</arg>
<doc>Opens a new browser instance to the optional ``url``.</doc>
<msg timestamp="20230513 16:50:13.378" level="INFO">Opening browser 'gc' to base url 'https://automate-test.stpb-digital.com/login/'.</msg>
<status status="PASS" starttime="20230513 16:50:13.377" endtime="20230513 16:50:16.547"/>
</kw>
<kw name="Maximize Browser Window" library="SeleniumLibrary">
<doc>Maximizes current browser window.</doc>
<status status="PASS" starttime="20230513 16:50:16.548" endtime="20230513 16:50:17.460"/>
</kw>
<status status="PASS" starttime="20230513 16:50:13.376" endtime="20230513 16:50:17.461"/>
</kw>
<kw name="Input data for login password more than 5 digits">
<kw name="Wait Until Element Is Visible" library="SeleniumLibrary">
<arg>${locator_email}</arg>
<arg>5s</arg>
<doc>Waits until the element ``locator`` is visible.</doc>
<status status="PASS" starttime="20230513 16:50:17.462" endtime="20230513 16:50:18.506"/>
</kw>
<kw name="Input Text" library="SeleniumLibrary">
<arg>${locator_password}</arg>
<arg>1234567890</arg>
<doc>Types the given ``text`` into the text field identified by ``locator``.</doc>
<msg timestamp="20230513 16:50:18.507" level="INFO">Typing text '1234567890' into text field 'name=password'.</msg>
<status status="PASS" starttime="20230513 16:50:18.506" endtime="20230513 16:50:20.249"/>
</kw>
<kw name="Click Element" library="SeleniumLibrary">
<arg>${locator_btnlogin}</arg>
<doc>Click the element identified by ``locator``.</doc>
<msg timestamp="20230513 16:50:20.250" level="INFO">Clicking element 'id=btn-login'.</msg>
<status status="PASS" starttime="20230513 16:50:20.249" endtime="20230513 16:50:21.327"/>
</kw>
<status status="PASS" starttime="20230513 16:50:17.462" endtime="20230513 16:50:21.327"/>
</kw>
<kw name="Wait Until Element Is Not Visible" library="SeleniumLibrary">
<arg>${locator_errmsg_password}</arg>
<arg>5s</arg>
<doc>Waits until the element ``locator`` is not visible.</doc>
<status status="PASS" starttime="20230513 16:50:21.328" endtime="20230513 16:50:21.851"/>
</kw>
<kw name="Close Browser" library="SeleniumLibrary">
<doc>Closes the current browser.</doc>
<status status="PASS" starttime="20230513 16:50:21.852" endtime="20230513 16:50:22.439"/>
</kw>
<status status="PASS" starttime="20230513 16:50:13.376" endtime="20230513 16:50:22.439"/>
</test>
<test id="s1-t5" name="TC004-Input password more less 5 digits" line="86">
<kw name="Open Web Browser">
<kw name="Set Selenium Speed" library="SeleniumLibrary">
<arg>0.5s</arg>
<doc>Sets the delay that is waited after each Selenium command.</doc>
<status status="PASS" starttime="20230513 16:50:22.442" endtime="20230513 16:50:22.442"/>
</kw>
<kw name="Open Browser" library="SeleniumLibrary">
<arg>${url}</arg>
<arg>${browser}</arg>
<doc>Opens a new browser instance to the optional ``url``.</doc>
<msg timestamp="20230513 16:50:22.442" level="INFO">Opening browser 'gc' to base url 'https://automate-test.stpb-digital.com/login/'.</msg>
<status status="PASS" starttime="20230513 16:50:22.442" endtime="20230513 16:50:25.558"/>
</kw>
<kw name="Maximize Browser Window" library="SeleniumLibrary">
<doc>Maximizes current browser window.</doc>
<status status="PASS" starttime="20230513 16:50:25.558" endtime="20230513 16:50:26.473"/>
</kw>
<status status="PASS" starttime="20230513 16:50:22.441" endtime="20230513 16:50:26.473"/>
</kw>
<kw name="Input data for login password less than 5 digits">
<kw name="Wait Until Element Is Visible" library="SeleniumLibrary">
<arg>${locator_email}</arg>
<arg>5s</arg>
<doc>Waits until the element ``locator`` is visible.</doc>
<status status="PASS" starttime="20230513 16:50:26.474" endtime="20230513 16:50:27.515"/>
</kw>
<kw name="Input Text" library="SeleniumLibrary">
<arg>${locator_password}</arg>
<arg>beam</arg>
<doc>Types the given ``text`` into the text field identified by ``locator``.</doc>
<msg timestamp="20230513 16:50:27.516" level="INFO">Typing text 'beam' into text field 'name=password'.</msg>
<status status="PASS" starttime="20230513 16:50:27.516" endtime="20230513 16:50:29.245"/>
</kw>
<kw name="Click Element" library="SeleniumLibrary">
<arg>${locator_btnlogin}</arg>
<doc>Click the element identified by ``locator``.</doc>
<msg timestamp="20230513 16:50:29.246" level="INFO">Clicking element 'id=btn-login'.</msg>
<status status="PASS" starttime="20230513 16:50:29.246" endtime="20230513 16:50:30.319"/>
</kw>
<status status="PASS" starttime="20230513 16:50:26.473" endtime="20230513 16:50:30.319"/>
</kw>
<kw name="Get Text" library="SeleniumLibrary">
<var>${err_msg}</var>
<arg>${locator_errmsg_password}</arg>
<doc>Returns the text value of the element identified by ``locator``.</doc>
<msg timestamp="20230513 16:50:31.369" level="INFO">${err_msg} = password must be at least 5 characters</msg>
<status status="PASS" starttime="20230513 16:50:30.319" endtime="20230513 16:50:31.369"/>
</kw>
<kw name="Should Be Equal As Strings" library="BuiltIn">
<arg>${err_msg}</arg>
<arg>password must be at least 5 characters</arg>
<doc>Fails if objects are unequal after converting them to strings.</doc>
<status status="PASS" starttime="20230513 16:50:31.369" endtime="20230513 16:50:31.370"/>
</kw>
<kw name="Close Browser" library="SeleniumLibrary">
<doc>Closes the current browser.</doc>
<status status="PASS" starttime="20230513 16:50:31.371" endtime="20230513 16:50:31.992"/>
</kw>
<status status="PASS" starttime="20230513 16:50:22.440" endtime="20230513 16:50:31.993"/>
</test>
<test id="s1-t6" name="TC005-Web login pass" line="93">
<kw name="Open Web Browser">
<kw name="Set Selenium Speed" library="SeleniumLibrary">
<arg>0.5s</arg>
<doc>Sets the delay that is waited after each Selenium command.</doc>
<status status="PASS" starttime="20230513 16:50:31.994" endtime="20230513 16:50:31.994"/>
</kw>
<kw name="Open Browser" library="SeleniumLibrary">
<arg>${url}</arg>
<arg>${browser}</arg>
<doc>Opens a new browser instance to the optional ``url``.</doc>
<msg timestamp="20230513 16:50:31.995" level="INFO">Opening browser 'gc' to base url 'https://automate-test.stpb-digital.com/login/'.</msg>
<status status="PASS" starttime="20230513 16:50:31.995" endtime="20230513 16:50:35.077"/>
</kw>
<kw name="Maximize Browser Window" library="SeleniumLibrary">
<doc>Maximizes current browser window.</doc>
<status status="PASS" starttime="20230513 16:50:35.078" endtime="20230513 16:50:35.992"/>
</kw>
<status status="PASS" starttime="20230513 16:50:31.994" endtime="20230513 16:50:35.992"/>
</kw>
<kw name="Input data for login page pass">
<kw name="Wait Until Element Is Visible" library="SeleniumLibrary">
<arg>${locator_email}</arg>
<arg>5s</arg>
<doc>Waits until the element ``locator`` is visible.</doc>
<status status="PASS" starttime="20230513 16:50:35.994" endtime="20230513 16:50:37.035"/>
</kw>
<kw name="Input Text" library="SeleniumLibrary">
<arg>${locator_email}</arg>
<arg>user.test@krupbeam.com</arg>
<doc>Types the given ``text`` into the text field identified by ``locator``.</doc>
<msg timestamp="20230513 16:50:37.037" level="INFO">Typing text 'user.test@krupbeam.com' into text field 'id=email'.</msg>
<status status="PASS" starttime="20230513 16:50:37.036" endtime="20230513 16:50:38.761"/>
</kw>
<kw name="Input Text" library="SeleniumLibrary">
<arg>${locator_password}</arg>
<arg>123456789</arg>
<doc>Types the given ``text`` into the text field identified by ``locator``.</doc>
<msg timestamp="20230513 16:50:38.762" level="INFO">Typing text '123456789' into text field 'name=password'.</msg>
<status status="PASS" starttime="20230513 16:50:38.761" endtime="20230513 16:50:40.407"/>
</kw>
<kw name="Click Element" library="SeleniumLibrary">
<arg>${locator_btnlogin}</arg>
<doc>Click the element identified by ``locator``.</doc>
<msg timestamp="20230513 16:50:40.408" level="INFO">Clicking element 'id=btn-login'.</msg>
<status status="PASS" starttime="20230513 16:50:40.407" endtime="20230513 16:50:41.508"/>
</kw>
<status status="PASS" starttime="20230513 16:50:35.993" endtime="20230513 16:50:41.508"/>
</kw>
<kw name="Wait Until Page Contains" library="SeleniumLibrary">
<arg>Search Filters</arg>
<arg>5s</arg>
<doc>Waits until ``text`` appears on the current page.</doc>
<status status="PASS" starttime="20230513 16:50:41.508" endtime="20230513 16:50:42.111"/>
</kw>
<kw name="Close Browser" library="SeleniumLibrary">
<doc>Closes the current browser.</doc>
<status status="PASS" starttime="20230513 16:50:42.114" endtime="20230513 16:50:42.730"/>
</kw>
<status status="PASS" starttime="20230513 16:50:31.993" endtime="20230513 16:50:42.731"/>
</test>
<test id="s1-t7" name="TC006-Web login fail" line="99">
<kw name="Open Web Browser">
<kw name="Set Selenium Speed" library="SeleniumLibrary">
<arg>0.5s</arg>
<doc>Sets the delay that is waited after each Selenium command.</doc>
<status status="PASS" starttime="20230513 16:50:42.732" endtime="20230513 16:50:42.732"/>
</kw>
<kw name="Open Browser" library="SeleniumLibrary">
<arg>${url}</arg>
<arg>${browser}</arg>
<doc>Opens a new browser instance to the optional ``url``.</doc>
<msg timestamp="20230513 16:50:42.733" level="INFO">Opening browser 'gc' to base url 'https://automate-test.stpb-digital.com/login/'.</msg>
<status status="PASS" starttime="20230513 16:50:42.732" endtime="20230513 16:50:45.992"/>
</kw>
<kw name="Maximize Browser Window" library="SeleniumLibrary">
<doc>Maximizes current browser window.</doc>
<status status="PASS" starttime="20230513 16:50:45.993" endtime="20230513 16:50:46.926"/>
</kw>
<status status="PASS" starttime="20230513 16:50:42.732" endtime="20230513 16:50:46.927"/>
</kw>
<kw name="Input data for login page fail">
<kw name="Wait Until Element Is Visible" library="SeleniumLibrary">
<arg>${locator_email}</arg>
<arg>5s</arg>
<doc>Waits until the element ``locator`` is visible.</doc>
<status status="PASS" starttime="20230513 16:50:46.928" endtime="20230513 16:50:47.966"/>
</kw>
<kw name="Input Text" library="SeleniumLibrary">
<arg>${locator_email}</arg>
<arg>Beam1234@gmail.com</arg>
<doc>Types the given ``text`` into the text field identified by ``locator``.</doc>
<msg timestamp="20230513 16:50:47.967" level="INFO">Typing text 'Beam1234@gmail.com' into text field 'id=email'.</msg>
<status status="PASS" starttime="20230513 16:50:47.967" endtime="20230513 16:50:49.674"/>
</kw>
<kw name="Input Text" library="SeleniumLibrary">
<arg>${locator_password}</arg>
<arg>12345678900</arg>
<doc>Types the given ``text`` into the text field identified by ``locator``.</doc>
<msg timestamp="20230513 16:50:49.675" level="INFO">Typing text '12345678900' into text field 'name=password'.</msg>
<status status="PASS" starttime="20230513 16:50:49.674" endtime="20230513 16:50:51.322"/>
</kw>
<kw name="Click Element" library="SeleniumLibrary">
<arg>${locator_btnlogin}</arg>
<doc>Click the element identified by ``locator``.</doc>
<msg timestamp="20230513 16:50:51.323" level="INFO">Clicking element 'id=btn-login'.</msg>
<status status="PASS" starttime="20230513 16:50:51.323" endtime="20230513 16:50:52.427"/>
</kw>
<status status="PASS" starttime="20230513 16:50:46.927" endtime="20230513 16:50:52.427"/>
</kw>
<kw name="Get Text" library="SeleniumLibrary">
<var>${err_msg}</var>
<arg>${locator_errmsg_email}</arg>
<doc>Returns the text value of the element identified by ``locator``.</doc>
<msg timestamp="20230513 16:50:53.461" level="INFO">${err_msg} = Email or Password is invalid</msg>
<status status="PASS" starttime="20230513 16:50:52.427" endtime="20230513 16:50:53.461"/>
</kw>
<kw name="Should Be Equal As Strings" library="BuiltIn">
<arg>${err_msg}</arg>
<arg>Email or Password is invalid</arg>
<doc>Fails if objects are unequal after converting them to strings.</doc>
<status status="PASS" starttime="20230513 16:50:53.461" endtime="20230513 16:50:53.461"/>
</kw>
<kw name="Close Browser" library="SeleniumLibrary">
<doc>Closes the current browser.</doc>
<status status="PASS" starttime="20230513 16:50:53.462" endtime="20230513 16:50:54.047"/>
</kw>
<status status="PASS" starttime="20230513 16:50:42.731" endtime="20230513 16:50:54.048"/>
</test>
<test id="s1-t8" name="TC007-Check require field" line="106">
<kw name="Open Web Browser">
<kw name="Set Selenium Speed" library="SeleniumLibrary">
<arg>0.5s</arg>
<doc>Sets the delay that is waited after each Selenium command.</doc>
<status status="PASS" starttime="20230513 16:50:54.050" endtime="20230513 16:50:54.050"/>
</kw>
<kw name="Open Browser" library="SeleniumLibrary">
<arg>${url}</arg>
<arg>${browser}</arg>
<doc>Opens a new browser instance to the optional ``url``.</doc>
<msg timestamp="20230513 16:50:54.051" level="INFO">Opening browser 'gc' to base url 'https://automate-test.stpb-digital.com/login/'.</msg>
<status status="PASS" starttime="20230513 16:50:54.050" endtime="20230513 16:50:57.110"/>
</kw>
<kw name="Maximize Browser Window" library="SeleniumLibrary">
<doc>Maximizes current browser window.</doc>
<status status="PASS" starttime="20230513 16:50:57.111" endtime="20230513 16:50:58.054"/>
</kw>
<status status="PASS" starttime="20230513 16:50:54.050" endtime="20230513 16:50:58.054"/>
</kw>
<kw name="Not input data in require field">
<kw name="Wait Until Element Is Visible" library="SeleniumLibrary">
<arg>${locator_email}</arg>
<arg>5s</arg>
<doc>Waits until the element ``locator`` is visible.</doc>
<status status="PASS" starttime="20230513 16:50:58.055" endtime="20230513 16:50:59.091"/>
</kw>
<kw name="Input Text" library="SeleniumLibrary">
<arg>${locator_email}</arg>
<arg>${EMPTY}</arg>
<doc>Types the given ``text`` into the text field identified by ``locator``.</doc>
<msg timestamp="20230513 16:50:59.092" level="INFO">Typing text '' into text field 'id=email'.</msg>
<status status="PASS" starttime="20230513 16:50:59.091" endtime="20230513 16:51:00.667"/>
</kw>
<kw name="Input Text" library="SeleniumLibrary">
<arg>${locator_password}</arg>
<arg>${EMPTY}</arg>
<doc>Types the given ``text`` into the text field identified by ``locator``.</doc>
<msg timestamp="20230513 16:51:00.668" level="INFO">Typing text '' into text field 'name=password'.</msg>
<status status="PASS" starttime="20230513 16:51:00.667" endtime="20230513 16:51:02.281"/>
</kw>
<kw name="Click Element" library="SeleniumLibrary">
<arg>${locator_btnlogin}</arg>
<doc>Click the element identified by ``locator``.</doc>
<msg timestamp="20230513 16:51:02.281" level="INFO">Clicking element 'id=btn-login'.</msg>
<status status="PASS" starttime="20230513 16:51:02.281" endtime="20230513 16:51:03.365"/>
</kw>
<status status="PASS" starttime="20230513 16:50:58.055" endtime="20230513 16:51:03.366"/>
</kw>
<kw name="Get Text" library="SeleniumLibrary">
<var>${err_msg}</var>
<arg>${locator_errmsg_email}</arg>
<doc>Returns the text value of the element identified by ``locator``.</doc>
<msg timestamp="20230513 16:51:04.412" level="INFO">${err_msg} = email is a required field</msg>
<status status="PASS" starttime="20230513 16:51:03.366" endtime="20230513 16:51:04.412"/>
</kw>
<kw name="Should Be Equal As Strings" library="BuiltIn">
<arg>${err_msg}</arg>
<arg>email is a required field</arg>
<doc>Fails if objects are unequal after converting them to strings.</doc>
<status status="PASS" starttime="20230513 16:51:04.413" endtime="20230513 16:51:04.413"/>
</kw>
<kw name="Close Browser" library="SeleniumLibrary">
<doc>Closes the current browser.</doc>
<status status="PASS" starttime="20230513 16:51:04.413" endtime="20230513 16:51:05.034"/>
</kw>
<status status="PASS" starttime="20230513 16:50:54.049" endtime="20230513 16:51:05.035"/>
</test>
<test id="s1-t9" name="TC008-Click hyperlink Create an account" line="113">
<kw name="Open Web Browser">
<kw name="Set Selenium Speed" library="SeleniumLibrary">
<arg>0.5s</arg>
<doc>Sets the delay that is waited after each Selenium command.</doc>
<status status="PASS" starttime="20230513 16:51:05.036" endtime="20230513 16:51:05.036"/>
</kw>
<kw name="Open Browser" library="SeleniumLibrary">
<arg>${url}</arg>
<arg>${browser}</arg>
<doc>Opens a new browser instance to the optional ``url``.</doc>
<msg timestamp="20230513 16:51:05.037" level="INFO">Opening browser 'gc' to base url 'https://automate-test.stpb-digital.com/login/'.</msg>
<status status="PASS" starttime="20230513 16:51:05.036" endtime="20230513 16:51:08.163"/>
</kw>
<kw name="Maximize Browser Window" library="SeleniumLibrary">
<doc>Maximizes current browser window.</doc>
<status status="PASS" starttime="20230513 16:51:08.164" endtime="20230513 16:51:09.082"/>
</kw>
<status status="PASS" starttime="20230513 16:51:05.036" endtime="20230513 16:51:09.085"/>
</kw>
<kw name="Check hyperlink create an account">
<kw name="Click Element" library="SeleniumLibrary">
<arg>${locator_hpl_createaccount}</arg>
<doc>Click the element identified by ``locator``.</doc>
<msg timestamp="20230513 16:51:09.087" level="INFO">Clicking element '//*[@id="__next"]/div[1]/div/div/div[2]/div/div/form/div[4]/p[2]/a'.</msg>
<status status="PASS" starttime="20230513 16:51:09.086" endtime="20230513 16:51:10.201"/>
</kw>
<status status="PASS" starttime="20230513 16:51:09.085" endtime="20230513 16:51:10.201"/>
</kw>
<kw name="Wait Until Page Contains" library="SeleniumLibrary">
<arg>Kru P' Beam</arg>
<arg>5s</arg>
<doc>Waits until ``text`` appears on the current page.</doc>
<status status="PASS" starttime="20230513 16:51:10.201" endtime="20230513 16:51:10.728"/>
</kw>
<kw name="Close Browser" library="SeleniumLibrary">
<doc>Closes the current browser.</doc>
<status status="PASS" starttime="20230513 16:51:10.728" endtime="20230513 16:51:11.343"/>
</kw>
<status status="PASS" starttime="20230513 16:51:05.035" endtime="20230513 16:51:11.343"/>
</test>
<status status="PASS" starttime="20230513 16:49:41.080" endtime="20230513 16:51:11.344"/>
</suite>
<statistics>
<total>
<stat pass="9" fail="0" skip="0">All Tests</stat>
</total>
<tag>
</tag>
<suite>
<stat pass="9" fail="0" skip="0" id="s1" name="Workshop1">Workshop1</stat>
</suite>
</statistics>
<errors>
</errors>
</robot>
