<?xml version="1.0" encoding="UTF-8"?>
<robot generator="Robot 7.1.1 (Python 3.13.1 on darwin)" generated="2024-12-22T01:04:39.127897" rpa="false" schemaversion="5">
<suite id="s1" name="Workshop1" source="/Users/inew/Documents/Automate/Workshop1.robot">
<test id="s1-t1" name="TC008-Click Hyperlink Create an account" line="115">
<kw name="Open Web Browser">
<kw name="Set Selenium Speed" owner="SeleniumLibrary">
<arg>0.5s</arg>
<doc>Sets the delay that is waited after each Selenium command.</doc>
<status status="PASS" start="2024-12-22T01:04:39.299438" elapsed="0.000239"/>
</kw>
<kw name="Open Browser" owner="SeleniumLibrary">
<msg time="2024-12-22T01:04:39.300083" level="INFO">Opening browser 'chrome' to base url 'https://automate-test.stpb-digital.com/login/'.</msg>
<arg>${url}</arg>
<arg>${browser}</arg>
<doc>Opens a new browser instance to the optional ``url``.</doc>
<status status="PASS" start="2024-12-22T01:04:39.299867" elapsed="4.568769"/>
</kw>
<status status="PASS" start="2024-12-22T01:04:39.298745" elapsed="4.570684"/>
</kw>
<kw name="Wait Until Element Is Visible" owner="SeleniumLibrary">
<arg>${locator_hpl_createaccount}</arg>
<arg>5s</arg>
<doc>Waits until the element ``locator`` is visible.</doc>
<status status="PASS" start="2024-12-22T01:04:43.870392" elapsed="1.035605"/>
</kw>
<kw name="Check hyperlink create an account">
<kw name="Click Element" owner="SeleniumLibrary">
<msg time="2024-12-22T01:04:44.907889" level="INFO">Clicking element '//*[@id="__next"]/div[1]/div/div/div[2]/div/div/form/div[4]/p[2]/a'.</msg>
<arg>${locator_hpl_createaccount}</arg>
<doc>Click the element identified by ``locator``.</doc>
<status status="PASS" start="2024-12-22T01:04:44.907532" elapsed="1.163346"/>
</kw>
<status status="PASS" start="2024-12-22T01:04:44.906889" elapsed="1.164353"/>
</kw>
<kw name="Wait Until Page Contains" owner="SeleniumLibrary">
<arg>Kru P' Beam</arg>
<arg>5s</arg>
<doc>Waits until ``text`` appears on the current page.</doc>
<status status="PASS" start="2024-12-22T01:04:46.071714" elapsed="0.518734"/>
</kw>
<kw name="Close Browser" owner="SeleniumLibrary">
<doc>Closes the current browser.</doc>
<status status="PASS" start="2024-12-22T01:04:46.591119" elapsed="0.668761"/>
</kw>
<status status="PASS" start="2024-12-22T01:04:39.298077" elapsed="7.962386"/>
</test>
<status status="PASS" start="2024-12-22T01:04:39.130760" elapsed="8.130346"/>
</suite>
<statistics>
<total>
<stat pass="1" fail="0" skip="0">All Tests</stat>
</total>
<tag>
</tag>
<suite>
<stat pass="1" fail="0" skip="0" id="s1" name="Workshop1">Workshop1</stat>
</suite>
</statistics>
<errors>
</errors>
</robot>
