<?xml version="1.0" encoding="UTF-8"?>
<robot generator="Robot 6.0.2 (Python 3.11.3 on darwin)" generated="20230514 17:39:29.799" rpa="false" schemaversion="3">
<suite id="s1" name="Workshop1" source="/Users/inew/Documents/Automate/Workshop1.robot">
<test id="s1-t1" name="TC008-Click Hyperlink Create an account" line="115">
<kw name="Open Web Browser">
<kw name="Set Selenium Speed" library="SeleniumLibrary">
<arg>0.5s</arg>
<doc>Sets the delay that is waited after each Selenium command.</doc>
<status status="PASS" starttime="20230514 17:39:29.948" endtime="20230514 17:39:29.948"/>
</kw>
<kw name="Open Browser" library="SeleniumLibrary">
<arg>${url}</arg>
<arg>${browser}</arg>
<doc>Opens a new browser instance to the optional ``url``.</doc>
<msg timestamp="20230514 17:39:29.948" level="INFO">Opening browser 'gc' to base url 'https://automate-test.stpb-digital.com/login/'.</msg>
<status status="PASS" starttime="20230514 17:39:29.948" endtime="20230514 17:39:33.245"/>
</kw>
<kw name="Maximize Browser Window" library="SeleniumLibrary">
<doc>Maximizes current browser window.</doc>
<status status="PASS" starttime="20230514 17:39:33.246" endtime="20230514 17:39:34.184"/>
</kw>
<status status="PASS" starttime="20230514 17:39:29.947" endtime="20230514 17:39:34.184"/>
</kw>
<kw name="Check hyperlink create an account">
<kw name="Click Element" library="SeleniumLibrary">
<arg>${locator_hpl_createaccount}</arg>
<doc>Click the element identified by ``locator``.</doc>
<msg timestamp="20230514 17:39:34.186" level="INFO">Clicking element '//*[@id="__next"]/div[1]/div/div/div[2]/div/div/form/div[4]/p[2]/a'.</msg>
<status status="PASS" starttime="20230514 17:39:34.185" endtime="20230514 17:39:35.284"/>
</kw>
<status status="PASS" starttime="20230514 17:39:34.185" endtime="20230514 17:39:35.284"/>
</kw>
<kw name="Wait Until Page Contains" library="SeleniumLibrary">
<arg>Kru P' Beam</arg>
<arg>5s</arg>
<doc>Waits until ``text`` appears on the current page.</doc>
<status status="PASS" starttime="20230514 17:39:35.285" endtime="20230514 17:39:35.811"/>
</kw>
<kw name="Close Browser" library="SeleniumLibrary">
<doc>Closes the current browser.</doc>
<status status="PASS" starttime="20230514 17:39:35.812" endtime="20230514 17:39:36.386"/>
</kw>
<status status="PASS" starttime="20230514 17:39:29.947" endtime="20230514 17:39:36.387"/>
</test>
<status status="PASS" starttime="20230514 17:39:29.801" endtime="20230514 17:39:36.388"/>
</suite>
<statistics>
<total>
<stat pass="1" fail="0" skip="0">All Tests</stat>
</total>
<tag>
</tag>
<suite>
<stat pass="1" fail="0" skip="0" id="s1" name="Workshop1">Workshop1</stat>
</suite>
</statistics>
<errors>
</errors>
</robot>
